Unity3D Vuforia_AR_2/construction/AR Images/Library/Bee/Android/Prj/IL2CPP/Gradle/launcher/build/intermediates/manifest_merge_blame_file/release/manifest-merger-blame-release-report.txt
1<?xml version="1.0" encoding="utf-8"?>
2<manifest xmlns:android="http://schemas.android.com/apk/res/android"
3    package="com.ARCompany.ARRelics"
4    android:installLocation="preferExternal"
5    android:versionCode="1"
6    android:versionName="1.0" >
7
8    <uses-sdk
9        android:minSdkVersion="26"
9-->src\main\AndroidManifest.xml
10        android:targetSdkVersion="35" />
10-->src\main\AndroidManifest.xml
11
12    <supports-screens
12-->src\main\AndroidManifest.xml:4:3-163
13        android:anyDensity="true"
13-->src\main\AndroidManifest.xml:4:135-160
14        android:largeScreens="true"
14-->src\main\AndroidManifest.xml:4:78-105
15        android:normalScreens="true"
15-->src\main\AndroidManifest.xml:4:49-77
16        android:smallScreens="true"
16-->src\main\AndroidManifest.xml:4:21-48
17        android:xlargeScreens="true" />
17-->src\main\AndroidManifest.xml:4:106-134
18
19    <uses-permission android:name="android.permission.INTERNET" />
19-->[:unityLibrary] AndroidManifest.xml:8:5-67
19-->[:unityLibrary] AndroidManifest.xml:8:22-64
20    <uses-permission android:name="android.permission.CAMERA" />
20-->[:unityLibrary] AndroidManifest.xml:9:5-65
20-->[:unityLibrary] AndroidManifest.xml:9:22-62
21
22    <uses-feature android:glEsVersion="0x00030000" />
22-->[:unityLibrary] AndroidManifest.xml:11:5-54
22-->[:unityLibrary] AndroidManifest.xml:11:19-51
23    <uses-feature
23-->[:unityLibrary] AndroidManifest.xml:12:5-14:36
24        android:name="android.hardware.camera"
24-->[:unityLibrary] AndroidManifest.xml:13:9-47
25        android:required="true" />
25-->[:unityLibrary] AndroidManifest.xml:14:9-33
26    <uses-feature
26-->[:unityLibrary] AndroidManifest.xml:15:5-17:36
27        android:name="android.hardware.camera.autofocus"
27-->[:unityLibrary] AndroidManifest.xml:16:9-57
28        android:required="false" />
28-->[:unityLibrary] AndroidManifest.xml:17:9-33
29    <uses-feature
29-->[:unityLibrary] AndroidManifest.xml:18:5-20:36
30        android:name="android.hardware.camera.front"
30-->[:unityLibrary] AndroidManifest.xml:19:9-53
31        android:required="false" />
31-->[:unityLibrary] AndroidManifest.xml:20:9-33
32    <uses-feature
32-->[:unityLibrary] AndroidManifest.xml:21:5-23:36
33        android:name="android.hardware.touchscreen"
33-->[:unityLibrary] AndroidManifest.xml:22:9-52
34        android:required="false" />
34-->[:unityLibrary] AndroidManifest.xml:23:9-33
35    <uses-feature
35-->[:unityLibrary] AndroidManifest.xml:24:5-26:36
36        android:name="android.hardware.touchscreen.multitouch"
36-->[:unityLibrary] AndroidManifest.xml:25:9-63
37        android:required="false" />
37-->[:unityLibrary] AndroidManifest.xml:26:9-33
38    <uses-feature
38-->[:unityLibrary] AndroidManifest.xml:27:5-29:36
39        android:name="android.hardware.touchscreen.multitouch.distinct"
39-->[:unityLibrary] AndroidManifest.xml:28:9-72
40        android:required="false" />
40-->[:unityLibrary] AndroidManifest.xml:29:9-33
41
42    <queries>
42-->[com.google.ar:core:1.22.0] AndroidManifest.xml:29:5-31:15
43        <package android:name="com.google.ar.core" />
43-->[com.google.ar:core:1.22.0] AndroidManifest.xml:30:9-54
43-->[com.google.ar:core:1.22.0] AndroidManifest.xml:30:18-51
44    </queries>
45    <!--
46        Required by Vuforia: Add this permission to access IMU sensors at high rate
47        for device tracker functionality on Android 12+.
48    -->
49    <uses-permission android:name="android.permission.HIGH_SAMPLING_RATE_SENSORS" /> <!-- Required by Vuforia: Add this permission to allow checking of network. -->
49-->[:VuforiaEngine:] AndroidManifest.xml:16:5-85
49-->[:VuforiaEngine:] AndroidManifest.xml:16:22-82
50    <uses-permission android:name="android.permission.ACCESS_NETWORK_STATE" />
50-->[:VuforiaEngine:] AndroidManifest.xml:19:5-79
50-->[:VuforiaEngine:] AndroidManifest.xml:19:22-76
51
52    <application
52-->src\main\AndroidManifest.xml:3:3-83
53        android:extractNativeLibs="true"
53-->[:unityLibrary] AndroidManifest.xml:31:18-50
54        android:icon="@mipmap/app_icon"
54-->src\main\AndroidManifest.xml:3:49-80
55        android:label="@string/app_name" >
55-->src\main\AndroidManifest.xml:3:16-48
56        <meta-data
56-->[:unityLibrary] AndroidManifest.xml:32:9-34:33
57            android:name="unity.splash-mode"
57-->[:unityLibrary] AndroidManifest.xml:33:13-45
58            android:value="0" />
58-->[:unityLibrary] AndroidManifest.xml:34:13-30
59        <meta-data
59-->[:unityLibrary] AndroidManifest.xml:35:9-37:36
60            android:name="unity.splash-enable"
60-->[:unityLibrary] AndroidManifest.xml:36:13-47
61            android:value="True" />
61-->[:unityLibrary] AndroidManifest.xml:37:13-33
62        <meta-data
62-->[:unityLibrary] AndroidManifest.xml:38:9-40:36
63            android:name="unity.launch-fullscreen"
63-->[:unityLibrary] AndroidManifest.xml:39:13-51
64            android:value="True" />
64-->[:unityLibrary] AndroidManifest.xml:40:13-33
65        <meta-data
65-->[:unityLibrary] AndroidManifest.xml:41:9-43:36
66            android:name="unity.render-outside-safearea"
66-->[:unityLibrary] AndroidManifest.xml:42:13-57
67            android:value="True" />
67-->[:unityLibrary] AndroidManifest.xml:43:13-33
68        <meta-data
68-->[:unityLibrary] AndroidManifest.xml:44:9-46:50
69            android:name="notch.config"
69-->[:unityLibrary] AndroidManifest.xml:45:13-40
70            android:value="portrait|landscape" />
70-->[:unityLibrary] AndroidManifest.xml:46:13-47
71        <meta-data
71-->[:unityLibrary] AndroidManifest.xml:47:9-49:36
72            android:name="unity.auto-report-fully-drawn"
72-->[:unityLibrary] AndroidManifest.xml:48:13-57
73            android:value="true" />
73-->[:unityLibrary] AndroidManifest.xml:49:13-33
74
75        <activity
75-->[:unityLibrary] AndroidManifest.xml:51:9-72:20
76            android:name="com.unity3d.player.UnityPlayerActivity"
76-->[:unityLibrary] AndroidManifest.xml:52:13-66
77            android:configChanges="mcc|mnc|locale|touchscreen|keyboard|keyboardHidden|navigation|orientation|screenLayout|uiMode|screenSize|smallestScreenSize|fontScale|layoutDirection|density"
77-->[:unityLibrary] AndroidManifest.xml:53:13-194
78            android:exported="true"
78-->[:unityLibrary] AndroidManifest.xml:54:13-36
79            android:hardwareAccelerated="false"
79-->[:unityLibrary] AndroidManifest.xml:55:13-48
80            android:launchMode="singleTask"
80-->[:unityLibrary] AndroidManifest.xml:56:13-44
81            android:resizeableActivity="false"
81-->[:unityLibrary] AndroidManifest.xml:57:13-47
82            android:screenOrientation="landscape"
82-->[:unityLibrary] AndroidManifest.xml:58:13-50
83            android:theme="@style/UnityThemeSelector" >
83-->[:unityLibrary] AndroidManifest.xml:59:13-54
84            <intent-filter>
84-->[:unityLibrary] AndroidManifest.xml:60:13-64:29
85                <category android:name="android.intent.category.LAUNCHER" />
85-->[:unityLibrary] AndroidManifest.xml:61:17-77
85-->[:unityLibrary] AndroidManifest.xml:61:27-74
86
87                <action android:name="android.intent.action.MAIN" />
87-->[:unityLibrary] AndroidManifest.xml:63:17-69
87-->[:unityLibrary] AndroidManifest.xml:63:25-66
88            </intent-filter>
89
90            <meta-data
90-->[:unityLibrary] AndroidManifest.xml:66:13-68:40
91                android:name="unityplayer.UnityActivity"
91-->[:unityLibrary] AndroidManifest.xml:67:17-57
92                android:value="true" />
92-->[:unityLibrary] AndroidManifest.xml:68:17-37
93            <meta-data
93-->[:unityLibrary] AndroidManifest.xml:69:13-71:40
94                android:name="notch_support"
94-->[:unityLibrary] AndroidManifest.xml:70:17-45
95                android:value="true" />
95-->[:unityLibrary] AndroidManifest.xml:71:17-37
96        </activity>
97
98        <meta-data
98-->[:unityLibrary] AndroidManifest.xml:74:9-76:40
99            android:name="com.google.ar.core"
99-->[:unityLibrary] AndroidManifest.xml:75:13-46
100            android:value="optional" /> <!-- The minimal version code of ARCore APK required for an app using this SDK. -->
100-->[:unityLibrary] AndroidManifest.xml:76:13-37
101        <meta-data
101-->[com.google.ar:core:1.22.0] AndroidManifest.xml:36:9-38:41
102            android:name="com.google.ar.core.min_apk_version"
102-->[com.google.ar:core:1.22.0] AndroidManifest.xml:37:13-62
103            android:value="202940000" /> <!-- This activity is critical for installing ARCore when it is not already present. -->
103-->[com.google.ar:core:1.22.0] AndroidManifest.xml:38:13-38
104        <activity
104-->[com.google.ar:core:1.22.0] AndroidManifest.xml:40:9-46:80
105            android:name="com.google.ar.core.InstallActivity"
105-->[com.google.ar:core:1.22.0] AndroidManifest.xml:41:13-62
106            android:configChanges="keyboardHidden|orientation|screenSize"
106-->[com.google.ar:core:1.22.0] AndroidManifest.xml:42:13-74
107            android:excludeFromRecents="true"
107-->[com.google.ar:core:1.22.0] AndroidManifest.xml:43:13-46
108            android:exported="false"
108-->[com.google.ar:core:1.22.0] AndroidManifest.xml:44:13-37
109            android:launchMode="singleTop"
109-->[com.google.ar:core:1.22.0] AndroidManifest.xml:45:13-43
110            android:theme="@android:style/Theme.Material.Light.Dialog.Alert" />
110-->[com.google.ar:core:1.22.0] AndroidManifest.xml:46:13-77
111
112        <provider
112-->[:VuforiaEngine:] AndroidManifest.xml:25:9-33:20
113            android:name="com.vuforia.engine.app.VuforiaContentProvider"
113-->[:VuforiaEngine:] AndroidManifest.xml:26:13-73
114            android:authorities="com.ARCompany.ARRelics.vuforia.share"
114-->[:VuforiaEngine:] AndroidManifest.xml:27:13-65
115            android:exported="false"
115-->[:VuforiaEngine:] AndroidManifest.xml:28:13-37
116            android:grantUriPermissions="true" >
116-->[:VuforiaEngine:] AndroidManifest.xml:29:13-47
117            <meta-data
117-->[:VuforiaEngine:] AndroidManifest.xml:30:13-32:53
118                android:name="android.support.FILE_PROVIDER_PATHS"
118-->[:VuforiaEngine:] AndroidManifest.xml:31:17-67
119                android:resource="@xml/filepaths" />
119-->[:VuforiaEngine:] AndroidManifest.xml:32:17-50
120        </provider>
121    </application>
122
123</manifest>